[ 2014-03-08T11:35:26+08:00 ] 127.0.0.1 http://www.wx.com/
INFO: [ app_init ] --START--
INFO: Run Behavior\BuildLiteBehavior [ RunTime:0.000014s ]
INFO: [ app_init ] --END-- [ RunTime:0.002685s ]
INFO: [ app_begin ] --START--
INFO: Run Behavior\ReadHtmlCacheBehavior [ RunTime:0.040659s ]
INFO: [ app_begin ] --END-- [ RunTime:0.040715s ]
NOTIC: [8192] mysql_connect(): The mysql extension is deprecated and will be removed in the future: use mysqli or PDO instead F:\wx\Think\Library\Think\Db\Driver\Mysql.class.php 第 52 行.
SQL: SHOW COLUMNS FROM `site` [ RunTime:0.038200s ]
NOTIC: [2] Missing argument 1 for Think\Model::where(), called in F:\wx\Home\Controller\ControllerBack.class.php on line 9 and defined F:\wx\Think\Library\Think\Model.class.php 第 1576 行.
NOTIC: [8] Undefined variable: where F:\wx\Think\Library\Think\Model.class.php 第 1584 行.
NOTIC: [8] Undefined variable: where F:\wx\Think\Library\Think\Model.class.php 第 1587 行.
NOTIC: [8] Undefined variable: where F:\wx\Think\Library\Think\Model.class.php 第 1595 行.
SQL: SELECT * FROM `site` LIMIT 1   [ RunTime:0.056645s ]
SQL: SHOW COLUMNS FROM `message` [ RunTime:0.040601s ]
INFO: [ view_parse ] --START--
INFO: [ template_filter ] --START--
INFO: Run Behavior\ContentReplaceBehavior [ RunTime:0.000045s ]
INFO: [ template_filter ] --END-- [ RunTime:0.000094s ]
INFO: Run Behavior\ParseTemplateBehavior [ RunTime:0.098447s ]
INFO: [ view_parse ] --END-- [ RunTime:0.098499s ]
INFO: [ view_filter ] --START--
INFO: Run Behavior\WriteHtmlCacheBehavior [ RunTime:0.027662s ]
INFO: Run Behavior\TokenBuildBehavior [ RunTime:0.003859s ]
INFO: [ view_filter ] --END-- [ RunTime:0.031609s ]
INFO: [ app_end ] --START--
INFO: Run Behavior\ShowPageTraceBehavior [ RunTime:0.012036s ]
INFO: [ app_end ] --END-- [ RunTime:0.012098s ]

[ 2014-03-08T11:36:24+08:00 ] 127.0.0.1 http://www.wx.com/Admin/Index
INFO: [ app_init ] --START--
INFO: Run Behavior\BuildLiteBehavior [ RunTime:0.000016s ]
INFO: [ app_init ] --END-- [ RunTime:0.000420s ]
INFO: [ app_begin ] --START--
INFO: Run Behavior\ReadHtmlCacheBehavior [ RunTime:0.000902s ]
INFO: [ app_begin ] --END-- [ RunTime:0.000965s ]
NOTIC: [8192] mysql_connect(): The mysql extension is deprecated and will be removed in the future: use mysqli or PDO instead F:\wx\Think\Library\Think\Db\Driver\Mysql.class.php 第 52 行.
SQL: SHOW COLUMNS FROM `message` [ RunTime:0.001902s ]
NOTIC: [8] Undefined index: uid F:\wx\Admin\Controller\ControllerBack.class.php 第 9 行.
SQL: SELECT COUNT(*) AS tp_count FROM `message` WHERE ( `bid` = null ) AND ( `audit` = 1 ) LIMIT 1   [ RunTime:0.000225s ]

[ 2014-03-08T11:36:24+08:00 ] 127.0.0.1 http://www.wx.com/Admin/Login
INFO: [ app_init ] --START--
INFO: Run Behavior\BuildLiteBehavior [ RunTime:0.000019s ]
INFO: [ app_init ] --END-- [ RunTime:0.000326s ]
INFO: [ app_begin ] --START--
INFO: Run Behavior\ReadHtmlCacheBehavior [ RunTime:0.000733s ]
INFO: [ app_begin ] --END-- [ RunTime:0.000782s ]
INFO: [ view_parse ] --START--
INFO: [ template_filter ] --START--
INFO: Run Behavior\ContentReplaceBehavior [ RunTime:0.000035s ]
INFO: [ template_filter ] --END-- [ RunTime:0.000103s ]
INFO: Run Behavior\ParseTemplateBehavior [ RunTime:0.032244s ]
INFO: [ view_parse ] --END-- [ RunTime:0.032349s ]
INFO: [ view_filter ] --START--
INFO: Run Behavior\WriteHtmlCacheBehavior [ RunTime:0.000547s ]
INFO: Run Behavior\TokenBuildBehavior [ RunTime:0.000575s ]
INFO: [ view_filter ] --END-- [ RunTime:0.001180s ]
INFO: [ app_end ] --START--
INFO: Run Behavior\ShowPageTraceBehavior [ RunTime:0.000619s ]
INFO: [ app_end ] --END-- [ RunTime:0.000652s ]

[ 2014-03-08T11:36:28+08:00 ] 127.0.0.1 http://www.wx.com/Admin/Check/username?username=13867820265
INFO: [ app_init ] --START--
INFO: Run Behavior\BuildLiteBehavior [ RunTime:0.000013s ]
INFO: [ app_init ] --END-- [ RunTime:0.000316s ]
INFO: [ app_begin ] --START--
INFO: Run Behavior\ReadHtmlCacheBehavior [ RunTime:0.000566s ]
INFO: [ app_begin ] --END-- [ RunTime:0.000601s ]
NOTIC: [8192] mysql_connect(): The mysql extension is deprecated and will be removed in the future: use mysqli or PDO instead F:\wx\Think\Library\Think\Db\Driver\Mysql.class.php 第 52 行.
SQL: SHOW COLUMNS FROM `users` [ RunTime:0.022326s ]
SQL: SELECT * FROM `users` WHERE ( `username` = '13867820265' ) LIMIT 1   [ RunTime:0.000300s ]
NOTIC: [8] Undefined variable: username F:\wx\Admin\Controller\CheckController.class.php 第 15 行.

[ 2014-03-08T11:36:30+08:00 ] 127.0.0.1 http://www.wx.com/Admin/Check/pwd?password=123456
INFO: [ app_init ] --START--
INFO: Run Behavior\BuildLiteBehavior [ RunTime:0.000012s ]
INFO: [ app_init ] --END-- [ RunTime:0.000307s ]
INFO: [ app_begin ] --START--
INFO: Run Behavior\ReadHtmlCacheBehavior [ RunTime:0.000609s ]
INFO: [ app_begin ] --END-- [ RunTime:0.000648s ]
NOTIC: [8192] mysql_connect(): The mysql extension is deprecated and will be removed in the future: use mysqli or PDO instead F:\wx\Think\Library\Think\Db\Driver\Mysql.class.php 第 52 行.
SQL: SHOW COLUMNS FROM `users` [ RunTime:0.001810s ]
SQL: SELECT * FROM `users` WHERE ( `password` = 'e10adc3949ba59abbe56e057f20f883e' ) LIMIT 1   [ RunTime:0.000242s ]
NOTIC: [8] Undefined variable: username F:\wx\Admin\Controller\CheckController.class.php 第 51 行.

[ 2014-03-08T11:36:30+08:00 ] 127.0.0.1 http://www.wx.com/Admin/Login/Check
INFO: [ app_init ] --START--
INFO: Run Behavior\BuildLiteBehavior [ RunTime:0.000013s ]
INFO: [ app_init ] --END-- [ RunTime:0.000362s ]
INFO: [ app_begin ] --START--
INFO: Run Behavior\ReadHtmlCacheBehavior [ RunTime:0.000735s ]
INFO: [ app_begin ] --END-- [ RunTime:0.000783s ]
NOTIC: [8192] mysql_connect(): The mysql extension is deprecated and will be removed in the future: use mysqli or PDO instead F:\wx\Think\Library\Think\Db\Driver\Mysql.class.php 第 52 行.
SQL: SHOW COLUMNS FROM `users` [ RunTime:0.001790s ]
SQL: SELECT * FROM `users` WHERE ( `username` = '13867820265' ) LIMIT 1   [ RunTime:0.000239s ]
SQL: UPDATE `users` SET `username`='13867820265',`logincount`=logincount+1,`loginip`='127.0.0.1',`logintime`=1394249790 WHERE ( `username` = '13867820265' ) [ RunTime:0.000256s ]

[ 2014-03-08T11:36:30+08:00 ] 127.0.0.1 http://www.wx.com/Admin/Index
INFO: [ app_init ] --START--
INFO: Run Behavior\BuildLiteBehavior [ RunTime:0.000010s ]
INFO: [ app_init ] --END-- [ RunTime:0.000279s ]
INFO: [ app_begin ] --START--
INFO: Run Behavior\ReadHtmlCacheBehavior [ RunTime:0.000686s ]
INFO: [ app_begin ] --END-- [ RunTime:0.000737s ]
NOTIC: [8192] mysql_connect(): The mysql extension is deprecated and will be removed in the future: use mysqli or PDO instead F:\wx\Think\Library\Think\Db\Driver\Mysql.class.php 第 52 行.
SQL: SHOW COLUMNS FROM `message` [ RunTime:0.001770s ]
SQL: SELECT COUNT(*) AS tp_count FROM `message` WHERE ( `bid` = 1 ) AND ( `audit` = 1 ) LIMIT 1   [ RunTime:0.000232s ]
INFO: [ view_parse ] --START--
INFO: [ template_filter ] --START--
INFO: Run Behavior\ContentReplaceBehavior [ RunTime:0.000045s ]
INFO: [ template_filter ] --END-- [ RunTime:0.000094s ]
INFO: Run Behavior\ParseTemplateBehavior [ RunTime:0.047141s ]
INFO: [ view_parse ] --END-- [ RunTime:0.047200s ]
INFO: [ view_filter ] --START--
INFO: Run Behavior\WriteHtmlCacheBehavior [ RunTime:0.000470s ]
INFO: Run Behavior\TokenBuildBehavior [ RunTime:0.000616s ]
INFO: [ view_filter ] --END-- [ RunTime:0.001142s ]
INFO: [ app_end ] --START--
INFO: Run Behavior\ShowPageTraceBehavior [ RunTime:0.000614s ]
INFO: [ app_end ] --END-- [ RunTime:0.000658s ]

[ 2014-03-08T11:36:33+08:00 ] 127.0.0.1 http://www.wx.com/Admin/User/Add
INFO: [ app_init ] --START--
INFO: Run Behavior\BuildLiteBehavior [ RunTime:0.000014s ]
INFO: [ app_init ] --END-- [ RunTime:0.000397s ]
INFO: [ app_begin ] --START--
INFO: Run Behavior\ReadHtmlCacheBehavior [ RunTime:0.000672s ]
INFO: [ app_begin ] --END-- [ RunTime:0.000716s ]
NOTIC: [8192] mysql_connect(): The mysql extension is deprecated and will be removed in the future: use mysqli or PDO instead F:\wx\Think\Library\Think\Db\Driver\Mysql.class.php 第 52 行.
SQL: SHOW COLUMNS FROM `message` [ RunTime:0.001899s ]
SQL: SELECT COUNT(*) AS tp_count FROM `message` WHERE ( `bid` = 1 ) AND ( `audit` = 1 ) LIMIT 1   [ RunTime:0.000227s ]
SQL: SHOW COLUMNS FROM `users` [ RunTime:0.001809s ]
INFO: [ view_parse ] --START--
INFO: [ template_filter ] --START--
INFO: Run Behavior\ContentReplaceBehavior [ RunTime:0.000044s ]
INFO: [ template_filter ] --END-- [ RunTime:0.000091s ]
NOTIC: [8] Undefined variable: uid F:\wx\Runtime\Cache\Admin\69e5bdef035fd65e75a8707eb6c64fa8.php 第 105 行.
NOTIC: [8] Undefined variable: uid F:\wx\Runtime\Cache\Admin\69e5bdef035fd65e75a8707eb6c64fa8.php 第 106 行.
NOTIC: [8] Undefined variable: groupid F:\wx\Runtime\Cache\Admin\69e5bdef035fd65e75a8707eb6c64fa8.php 第 123 行.
NOTIC: [8] Undefined variable: groupid F:\wx\Runtime\Cache\Admin\69e5bdef035fd65e75a8707eb6c64fa8.php 第 124 行.
INFO: Run Behavior\ParseTemplateBehavior [ RunTime:0.044741s ]
INFO: [ view_parse ] --END-- [ RunTime:0.044785s ]
INFO: [ view_filter ] --START--
INFO: Run Behavior\WriteHtmlCacheBehavior [ RunTime:0.000479s ]
INFO: Run Behavior\TokenBuildBehavior [ RunTime:0.000707s ]
INFO: [ view_filter ] --END-- [ RunTime:0.001240s ]
INFO: [ app_end ] --START--
INFO: Run Behavior\ShowPageTraceBehavior [ RunTime:0.000595s ]
INFO: [ app_end ] --END-- [ RunTime:0.000629s ]

[ 2014-03-08T11:36:34+08:00 ] 127.0.0.1 http://www.wx.com/Admin/User
INFO: [ app_init ] --START--
INFO: Run Behavior\BuildLiteBehavior [ RunTime:0.000012s ]
INFO: [ app_init ] --END-- [ RunTime:0.000278s ]
INFO: [ app_begin ] --START--
INFO: Run Behavior\ReadHtmlCacheBehavior [ RunTime:0.000563s ]
INFO: [ app_begin ] --END-- [ RunTime:0.000602s ]
NOTIC: [8192] mysql_connect(): The mysql extension is deprecated and will be removed in the future: use mysqli or PDO instead F:\wx\Think\Library\Think\Db\Driver\Mysql.class.php 第 52 行.
SQL: SHOW COLUMNS FROM `message` [ RunTime:0.001911s ]
SQL: SELECT COUNT(*) AS tp_count FROM `message` WHERE ( `bid` = 1 ) AND ( `audit` = 1 ) LIMIT 1   [ RunTime:0.000223s ]
SQL: SHOW COLUMNS FROM `users` [ RunTime:0.001607s ]
NOTIC: [8] Undefined variable: user F:\wx\Admin\Controller\UserController.class.php 第 11 行.
SQL: SELECT COUNT(*) AS tp_count FROM `users` LIMIT 1   [ RunTime:0.000150s ]
SQL: SELECT * FROM `users` ORDER BY uid asc LIMIT 0,20   [ RunTime:0.000271s ]
INFO: [ view_parse ] --START--
INFO: [ template_filter ] --START--
INFO: Run Behavior\ContentReplaceBehavior [ RunTime:0.000046s ]
INFO: [ template_filter ] --END-- [ RunTime:0.000090s ]
INFO: Run Behavior\ParseTemplateBehavior [ RunTime:0.014944s ]
INFO: [ view_parse ] --END-- [ RunTime:0.014993s ]
INFO: [ view_filter ] --START--
INFO: Run Behavior\WriteHtmlCacheBehavior [ RunTime:0.000409s ]
INFO: Run Behavior\TokenBuildBehavior [ RunTime:0.000714s ]
INFO: [ view_filter ] --END-- [ RunTime:0.001176s ]
INFO: [ app_end ] --START--
INFO: Run Behavior\ShowPageTraceBehavior [ RunTime:0.000750s ]
INFO: [ app_end ] --END-- [ RunTime:0.000813s ]

[ 2014-03-08T11:36:36+08:00 ] 127.0.0.1 http://www.wx.com/Admin/Message
INFO: [ app_init ] --START--
INFO: Run Behavior\BuildLiteBehavior [ RunTime:0.000013s ]
INFO: [ app_init ] --END-- [ RunTime:0.000328s ]
INFO: [ app_begin ] --START--
INFO: Run Behavior\ReadHtmlCacheBehavior [ RunTime:0.000682s ]
INFO: [ app_begin ] --END-- [ RunTime:0.000735s ]
NOTIC: [2048] Declaration of Admin\Controller\MessageController::show() should be compatible with Think\Controller::show($content, $charset = '', $contentType = '', $prefix = '') F:\wx\Admin\Controller\MessageController.class.php 第 5 行.
NOTIC: [8192] mysql_connect(): The mysql extension is deprecated and will be removed in the future: use mysqli or PDO instead F:\wx\Think\Library\Think\Db\Driver\Mysql.class.php 第 52 行.
SQL: SHOW COLUMNS FROM `message` [ RunTime:0.001853s ]
SQL: SELECT COUNT(*) AS tp_count FROM `message` WHERE ( `bid` = 1 ) AND ( `audit` = 1 ) LIMIT 1   [ RunTime:0.000255s ]
SQL: SELECT COUNT(*) AS tp_count FROM `message` WHERE ( `bid` = 1 ) AND ( `audit` = 1 ) LIMIT 1   [ RunTime:0.000221s ]
SQL: SELECT COUNT(*) AS tp_count FROM `message` WHERE ( `bid` = 1 ) AND ( `audit` = 0 ) LIMIT 1   [ RunTime:0.000214s ]
SQL: SELECT * FROM `message` WHERE ( `bid` = 1 ) AND ( `audit` = 1 ) ORDER BY id asc LIMIT 0,20   [ RunTime:0.000407s ]
SQL: SELECT * FROM `message` WHERE ( `bid` = 1 ) AND ( `audit` = 0 ) ORDER BY id asc LIMIT 0,20   [ RunTime:0.000465s ]
INFO: [ view_parse ] --START--
INFO: [ template_filter ] --START--
INFO: Run Behavior\ContentReplaceBehavior [ RunTime:0.000057s ]
INFO: [ template_filter ] --END-- [ RunTime:0.000109s ]
INFO: Run Behavior\ParseTemplateBehavior [ RunTime:0.030291s ]
INFO: [ view_parse ] --END-- [ RunTime:0.030360s ]
INFO: [ view_filter ] --START--
INFO: Run Behavior\WriteHtmlCacheBehavior [ RunTime:0.000683s ]
INFO: Run Behavior\TokenBuildBehavior [ RunTime:0.001266s ]
INFO: [ view_filter ] --END-- [ RunTime:0.002037s ]
INFO: [ app_end ] --START--
INFO: Run Behavior\ShowPageTraceBehavior [ RunTime:0.001048s ]
INFO: [ app_end ] --END-- [ RunTime:0.001118s ]

[ 2014-03-08T11:36:38+08:00 ] 127.0.0.1 http://www.wx.com/Admin/Pro
INFO: [ app_init ] --START--
INFO: Run Behavior\BuildLiteBehavior [ RunTime:0.000011s ]
INFO: [ app_init ] --END-- [ RunTime:0.000294s ]
INFO: [ app_begin ] --START--
INFO: Run Behavior\ReadHtmlCacheBehavior [ RunTime:0.000625s ]
INFO: [ app_begin ] --END-- [ RunTime:0.000673s ]
NOTIC: [2048] Declaration of Admin\Controller\ProController::show() should be compatible with Think\Controller::show($content, $charset = '', $contentType = '', $prefix = '') F:\wx\Admin\Controller\ProController.class.php 第 5 行.
NOTIC: [8192] mysql_connect(): The mysql extension is deprecated and will be removed in the future: use mysqli or PDO instead F:\wx\Think\Library\Think\Db\Driver\Mysql.class.php 第 52 行.
SQL: SHOW COLUMNS FROM `message` [ RunTime:0.001767s ]
SQL: SELECT COUNT(*) AS tp_count FROM `message` WHERE ( `bid` = 1 ) AND ( `audit` = 1 ) LIMIT 1   [ RunTime:0.000316s ]
SQL: SHOW COLUMNS FROM `pro` [ RunTime:0.038305s ]
SQL: SELECT COUNT(*) AS tp_count FROM `pro` WHERE ( `bid` = 1 ) LIMIT 1   [ RunTime:0.000548s ]
SQL: SELECT * FROM `pro` WHERE ( `bid` = 1 ) ORDER BY pid asc LIMIT 0,20   [ RunTime:0.000364s ]
INFO: [ view_parse ] --START--
INFO: [ template_filter ] --START--
INFO: Run Behavior\ContentReplaceBehavior [ RunTime:0.000045s ]
INFO: [ template_filter ] --END-- [ RunTime:0.000088s ]
INFO: Run Behavior\ParseTemplateBehavior [ RunTime:0.019013s ]
INFO: [ view_parse ] --END-- [ RunTime:0.019058s ]
INFO: [ view_filter ] --START--
INFO: Run Behavior\WriteHtmlCacheBehavior [ RunTime:0.000412s ]
INFO: Run Behavior\TokenBuildBehavior [ RunTime:0.000839s ]
INFO: [ view_filter ] --END-- [ RunTime:0.001314s ]
INFO: [ app_end ] --START--
INFO: Run Behavior\ShowPageTraceBehavior [ RunTime:0.000735s ]
INFO: [ app_end ] --END-- [ RunTime:0.000813s ]

[ 2014-03-08T11:36:41+08:00 ] 127.0.0.1 http://www.wx.com/Admin/User/Profile
INFO: [ app_init ] --START--
INFO: Run Behavior\BuildLiteBehavior [ RunTime:0.000012s ]
INFO: [ app_init ] --END-- [ RunTime:0.000305s ]
INFO: [ app_begin ] --START--
INFO: Run Behavior\ReadHtmlCacheBehavior [ RunTime:0.000590s ]
INFO: [ app_begin ] --END-- [ RunTime:0.000631s ]
NOTIC: [8192] mysql_connect(): The mysql extension is deprecated and will be removed in the future: use mysqli or PDO instead F:\wx\Think\Library\Think\Db\Driver\Mysql.class.php 第 52 行.
SQL: SHOW COLUMNS FROM `message` [ RunTime:0.002092s ]
SQL: SELECT COUNT(*) AS tp_count FROM `message` WHERE ( `bid` = 1 ) AND ( `audit` = 1 ) LIMIT 1   [ RunTime:0.000242s ]
SQL: SHOW COLUMNS FROM `users` [ RunTime:0.002079s ]
NOTIC: [8] Undefined index: uid F:\wx\Admin\Controller\UserController.class.php 第 28 行.
NOTIC: [8] Undefined index: uid F:\wx\Admin\Controller\UserController.class.php 第 29 行.
SQL: SELECT * FROM `users` WHERE ( `uid` = 1 ) LIMIT 1   [ RunTime:0.000301s ]
INFO: [ view_parse ] --START--
INFO: [ template_filter ] --START--
INFO: Run Behavior\ContentReplaceBehavior [ RunTime:0.000045s ]
INFO: [ template_filter ] --END-- [ RunTime:0.000090s ]
INFO: Run Behavior\ParseTemplateBehavior [ RunTime:0.039181s ]
INFO: [ view_parse ] --END-- [ RunTime:0.039243s ]
INFO: [ view_filter ] --START--
INFO: Run Behavior\WriteHtmlCacheBehavior [ RunTime:0.000453s ]
INFO: Run Behavior\TokenBuildBehavior [ RunTime:0.000741s ]
INFO: [ view_filter ] --END-- [ RunTime:0.001252s ]
INFO: [ app_end ] --START--
INFO: Run Behavior\ShowPageTraceBehavior [ RunTime:0.000569s ]
INFO: [ app_end ] --END-- [ RunTime:0.000608s ]

[ 2014-03-08T11:36:44+08:00 ] 127.0.0.1 http://www.wx.com/Admin/Site
INFO: [ app_init ] --START--
INFO: Run Behavior\BuildLiteBehavior [ RunTime:0.000011s ]
INFO: [ app_init ] --END-- [ RunTime:0.000279s ]
INFO: [ app_begin ] --START--
INFO: Run Behavior\ReadHtmlCacheBehavior [ RunTime:0.000583s ]
INFO: [ app_begin ] --END-- [ RunTime:0.000623s ]
NOTIC: [8192] mysql_connect(): The mysql extension is deprecated and will be removed in the future: use mysqli or PDO instead F:\wx\Think\Library\Think\Db\Driver\Mysql.class.php 第 52 行.
SQL: SHOW COLUMNS FROM `message` [ RunTime:0.001851s ]
SQL: SELECT COUNT(*) AS tp_count FROM `message` WHERE ( `bid` = 1 ) AND ( `audit` = 1 ) LIMIT 1   [ RunTime:0.000215s ]
SQL: SHOW COLUMNS FROM `site` [ RunTime:0.001658s ]
NOTIC: [2] Missing argument 1 for Think\Model::where(), called in F:\wx\Admin\Controller\SiteController.class.php on line 9 and defined F:\wx\Think\Library\Think\Model.class.php 第 1576 行.
NOTIC: [8] Undefined variable: where F:\wx\Think\Library\Think\Model.class.php 第 1584 行.
NOTIC: [8] Undefined variable: where F:\wx\Think\Library\Think\Model.class.php 第 1587 行.
NOTIC: [8] Undefined variable: where F:\wx\Think\Library\Think\Model.class.php 第 1595 行.
SQL: SELECT * FROM `site` LIMIT 1   [ RunTime:0.000222s ]
INFO: [ view_parse ] --START--
INFO: [ template_filter ] --START--
INFO: Run Behavior\ContentReplaceBehavior [ RunTime:0.000045s ]
INFO: [ template_filter ] --END-- [ RunTime:0.000091s ]
INFO: Run Behavior\ParseTemplateBehavior [ RunTime:0.039634s ]
INFO: [ view_parse ] --END-- [ RunTime:0.039692s ]
INFO: [ view_filter ] --START--
INFO: Run Behavior\WriteHtmlCacheBehavior [ RunTime:0.000504s ]
INFO: Run Behavior\TokenBuildBehavior [ RunTime:0.000738s ]
INFO: [ view_filter ] --END-- [ RunTime:0.001298s ]
INFO: [ app_end ] --START--
INFO: Run Behavior\ShowPageTraceBehavior [ RunTime:0.000638s ]
INFO: [ app_end ] --END-- [ RunTime:0.000694s ]

[ 2014-03-08T11:36:45+08:00 ] 127.0.0.1 http://www.wx.com/Admin/Business
INFO: [ app_init ] --START--
INFO: Run Behavior\BuildLiteBehavior [ RunTime:0.000011s ]
INFO: [ app_init ] --END-- [ RunTime:0.000277s ]
INFO: [ app_begin ] --START--
INFO: Run Behavior\ReadHtmlCacheBehavior [ RunTime:0.000769s ]
INFO: [ app_begin ] --END-- [ RunTime:0.000818s ]
NOTIC: [8192] mysql_connect(): The mysql extension is deprecated and will be removed in the future: use mysqli or PDO instead F:\wx\Think\Library\Think\Db\Driver\Mysql.class.php 第 52 行.
SQL: SHOW COLUMNS FROM `message` [ RunTime:0.002634s ]
SQL: SELECT COUNT(*) AS tp_count FROM `message` WHERE ( `bid` = 1 ) AND ( `audit` = 1 ) LIMIT 1   [ RunTime:0.000333s ]
SQL: SHOW COLUMNS FROM `business` [ RunTime:0.036686s ]
SQL: SELECT * FROM `business` WHERE ( `uid` = 1 ) LIMIT 1   [ RunTime:0.000259s ]
INFO: [ view_parse ] --START--
INFO: [ template_filter ] --START--
INFO: Run Behavior\ContentReplaceBehavior [ RunTime:0.000044s ]
INFO: [ template_filter ] --END-- [ RunTime:0.000090s ]
INFO: Run Behavior\ParseTemplateBehavior [ RunTime:0.008905s ]
INFO: [ view_parse ] --END-- [ RunTime:0.008949s ]
INFO: [ view_filter ] --START--
INFO: Run Behavior\WriteHtmlCacheBehavior [ RunTime:0.000439s ]
INFO: Run Behavior\TokenBuildBehavior [ RunTime:0.000688s ]
INFO: [ view_filter ] --END-- [ RunTime:0.001195s ]
INFO: [ app_end ] --START--
INFO: Run Behavior\ShowPageTraceBehavior [ RunTime:0.000621s ]
INFO: [ app_end ] --END-- [ RunTime:0.000655s ]

[ 2014-03-08T11:36:45+08:00 ] 127.0.0.1 http://www.wx.com/Admin/User/Add
INFO: [ app_init ] --START--
INFO: Run Behavior\BuildLiteBehavior [ RunTime:0.000011s ]
INFO: [ app_init ] --END-- [ RunTime:0.000283s ]
INFO: [ app_begin ] --START--
INFO: Run Behavior\ReadHtmlCacheBehavior [ RunTime:0.000554s ]
INFO: [ app_begin ] --END-- [ RunTime:0.000592s ]
NOTIC: [8192] mysql_connect(): The mysql extension is deprecated and will be removed in the future: use mysqli or PDO instead F:\wx\Think\Library\Think\Db\Driver\Mysql.class.php 第 52 行.
SQL: SHOW COLUMNS FROM `message` [ RunTime:0.001852s ]
SQL: SELECT COUNT(*) AS tp_count FROM `message` WHERE ( `bid` = 1 ) AND ( `audit` = 1 ) LIMIT 1   [ RunTime:0.000250s ]
SQL: SHOW COLUMNS FROM `users` [ RunTime:0.001673s ]
INFO: [ view_parse ] --START--
INFO: [ template_filter ] --START--
INFO: Run Behavior\ContentReplaceBehavior [ RunTime:0.000041s ]
INFO: [ template_filter ] --END-- [ RunTime:0.000088s ]
NOTIC: [8] Undefined variable: uid F:\wx\Runtime\Cache\Admin\69e5bdef035fd65e75a8707eb6c64fa8.php 第 105 行.
NOTIC: [8] Undefined variable: uid F:\wx\Runtime\Cache\Admin\69e5bdef035fd65e75a8707eb6c64fa8.php 第 106 行.
NOTIC: [8] Undefined variable: groupid F:\wx\Runtime\Cache\Admin\69e5bdef035fd65e75a8707eb6c64fa8.php 第 123 行.
NOTIC: [8] Undefined variable: groupid F:\wx\Runtime\Cache\Admin\69e5bdef035fd65e75a8707eb6c64fa8.php 第 124 行.
INFO: Run Behavior\ParseTemplateBehavior [ RunTime:0.008515s ]
INFO: [ view_parse ] --END-- [ RunTime:0.008553s ]
INFO: [ view_filter ] --START--
INFO: Run Behavior\WriteHtmlCacheBehavior [ RunTime:0.000417s ]
INFO: Run Behavior\TokenBuildBehavior [ RunTime:0.000628s ]
INFO: [ view_filter ] --END-- [ RunTime:0.001108s ]
INFO: [ app_end ] --START--
INFO: Run Behavior\ShowPageTraceBehavior [ RunTime:0.000548s ]
INFO: [ app_end ] --END-- [ RunTime:0.000592s ]

[ 2014-03-08T11:36:46+08:00 ] 127.0.0.1 http://www.wx.com/Admin/User
INFO: [ app_init ] --START--
INFO: Run Behavior\BuildLiteBehavior [ RunTime:0.000014s ]
INFO: [ app_init ] --END-- [ RunTime:0.000430s ]
INFO: [ app_begin ] --START--
INFO: Run Behavior\ReadHtmlCacheBehavior [ RunTime:0.000689s ]
INFO: [ app_begin ] --END-- [ RunTime:0.000731s ]
NOTIC: [8192] mysql_connect(): The mysql extension is deprecated and will be removed in the future: use mysqli or PDO instead F:\wx\Think\Library\Think\Db\Driver\Mysql.class.php 第 52 行.
SQL: SHOW COLUMNS FROM `message` [ RunTime:0.002022s ]
SQL: SELECT COUNT(*) AS tp_count FROM `message` WHERE ( `bid` = 1 ) AND ( `audit` = 1 ) LIMIT 1   [ RunTime:0.000253s ]
SQL: SHOW COLUMNS FROM `users` [ RunTime:0.001717s ]
NOTIC: [8] Undefined variable: user F:\wx\Admin\Controller\UserController.class.php 第 11 行.
SQL: SELECT COUNT(*) AS tp_count FROM `users` LIMIT 1   [ RunTime:0.000150s ]
SQL: SELECT * FROM `users` ORDER BY uid asc LIMIT 0,20   [ RunTime:0.000271s ]
INFO: [ view_parse ] --START--
INFO: [ template_filter ] --START--
INFO: Run Behavior\ContentReplaceBehavior [ RunTime:0.000047s ]
INFO: [ template_filter ] --END-- [ RunTime:0.000090s ]
INFO: Run Behavior\ParseTemplateBehavior [ RunTime:0.009816s ]
INFO: [ view_parse ] --END-- [ RunTime:0.009869s ]
INFO: [ view_filter ] --START--
INFO: Run Behavior\WriteHtmlCacheBehavior [ RunTime:0.000432s ]
INFO: Run Behavior\TokenBuildBehavior [ RunTime:0.000741s ]
INFO: [ view_filter ] --END-- [ RunTime:0.001229s ]
INFO: [ app_end ] --START--
INFO: Run Behavior\ShowPageTraceBehavior [ RunTime:0.000645s ]
INFO: [ app_end ] --END-- [ RunTime:0.000705s ]

[ 2014-03-08T11:36:48+08:00 ] 127.0.0.1 http://www.wx.com/Admin/Pro
INFO: [ app_init ] --START--
INFO: Run Behavior\BuildLiteBehavior [ RunTime:0.000013s ]
INFO: [ app_init ] --END-- [ RunTime:0.000318s ]
INFO: [ app_begin ] --START--
INFO: Run Behavior\ReadHtmlCacheBehavior [ RunTime:0.000707s ]
INFO: [ app_begin ] --END-- [ RunTime:0.000771s ]
NOTIC: [2048] Declaration of Admin\Controller\ProController::show() should be compatible with Think\Controller::show($content, $charset = '', $contentType = '', $prefix = '') F:\wx\Admin\Controller\ProController.class.php 第 5 行.
NOTIC: [8192] mysql_connect(): The mysql extension is deprecated and will be removed in the future: use mysqli or PDO instead F:\wx\Think\Library\Think\Db\Driver\Mysql.class.php 第 52 行.
SQL: SHOW COLUMNS FROM `message` [ RunTime:0.001881s ]
SQL: SELECT COUNT(*) AS tp_count FROM `message` WHERE ( `bid` = 1 ) AND ( `audit` = 1 ) LIMIT 1   [ RunTime:0.000217s ]
SQL: SHOW COLUMNS FROM `pro` [ RunTime:0.001624s ]
SQL: SELECT COUNT(*) AS tp_count FROM `pro` WHERE ( `bid` = 1 ) LIMIT 1   [ RunTime:0.000198s ]
SQL: SELECT * FROM `pro` WHERE ( `bid` = 1 ) ORDER BY pid asc LIMIT 0,20   [ RunTime:0.000451s ]
INFO: [ view_parse ] --START--
INFO: [ template_filter ] --START--
INFO: Run Behavior\ContentReplaceBehavior [ RunTime:0.000060s ]
INFO: [ template_filter ] --END-- [ RunTime:0.000115s ]
INFO: Run Behavior\ParseTemplateBehavior [ RunTime:0.009501s ]
INFO: [ view_parse ] --END-- [ RunTime:0.009547s ]
INFO: [ view_filter ] --START--
INFO: Run Behavior\WriteHtmlCacheBehavior [ RunTime:0.000449s ]
INFO: Run Behavior\TokenBuildBehavior [ RunTime:0.000849s ]
INFO: [ view_filter ] --END-- [ RunTime:0.001365s ]
INFO: [ app_end ] --START--
INFO: Run Behavior\ShowPageTraceBehavior [ RunTime:0.000648s ]
INFO: [ app_end ] --END-- [ RunTime:0.000729s ]

[ 2014-03-08T11:37:23+08:00 ] 127.0.0.1 http://www.wx.com/Admin/Pro
INFO: [ app_init ] --START--
INFO: Run Behavior\BuildLiteBehavior [ RunTime:0.000022s ]
INFO: [ app_init ] --END-- [ RunTime:0.000369s ]
INFO: [ app_begin ] --START--
INFO: Run Behavior\ReadHtmlCacheBehavior [ RunTime:0.000626s ]
INFO: [ app_begin ] --END-- [ RunTime:0.000665s ]
NOTIC: [2048] Declaration of Admin\Controller\ProController::show() should be compatible with Think\Controller::show($content, $charset = '', $contentType = '', $prefix = '') F:\wx\Admin\Controller\ProController.class.php 第 5 行.
NOTIC: [8192] mysql_connect(): The mysql extension is deprecated and will be removed in the future: use mysqli or PDO instead F:\wx\Think\Library\Think\Db\Driver\Mysql.class.php 第 52 行.
SQL: SHOW COLUMNS FROM `message` [ RunTime:0.001831s ]
SQL: SELECT COUNT(*) AS tp_count FROM `message` WHERE ( `bid` = 1 ) AND ( `audit` = 1 ) LIMIT 1   [ RunTime:0.000222s ]
SQL: SHOW COLUMNS FROM `pro` [ RunTime:0.001601s ]
SQL: SELECT COUNT(*) AS tp_count FROM `pro` WHERE ( `bid` = 1 ) LIMIT 1   [ RunTime:0.000189s ]
SQL: SELECT * FROM `pro` WHERE ( `bid` = 1 ) ORDER BY pid asc LIMIT 0,1   [ RunTime:0.000223s ]
INFO: [ view_parse ] --START--
INFO: [ template_filter ] --START--
INFO: Run Behavior\ContentReplaceBehavior [ RunTime:0.000049s ]
INFO: [ template_filter ] --END-- [ RunTime:0.000094s ]
INFO: Run Behavior\ParseTemplateBehavior [ RunTime:0.009497s ]
INFO: [ view_parse ] --END-- [ RunTime:0.009546s ]
INFO: [ view_filter ] --START--
INFO: Run Behavior\WriteHtmlCacheBehavior [ RunTime:0.000507s ]
INFO: Run Behavior\TokenBuildBehavior [ RunTime:0.000697s ]
INFO: [ view_filter ] --END-- [ RunTime:0.001258s ]
INFO: [ app_end ] --START--
INFO: Run Behavior\ShowPageTraceBehavior [ RunTime:0.000574s ]
INFO: [ app_end ] --END-- [ RunTime:0.000608s ]

[ 2014-03-08T11:58:04+08:00 ] 127.0.0.1 http://www.wx.com/Admin/Pro
INFO: [ app_init ] --START--
INFO: Run Behavior\BuildLiteBehavior [ RunTime:0.000012s ]
INFO: [ app_init ] --END-- [ RunTime:0.000402s ]
INFO: [ app_begin ] --START--
INFO: Run Behavior\ReadHtmlCacheBehavior [ RunTime:0.000627s ]
INFO: [ app_begin ] --END-- [ RunTime:0.000676s ]
NOTIC: [2048] Declaration of Admin\Controller\ProController::show() should be compatible with Think\Controller::show($content, $charset = '', $contentType = '', $prefix = '') F:\wx\Admin\Controller\ProController.class.php 第 5 行.
NOTIC: [8192] mysql_connect(): The mysql extension is deprecated and will be removed in the future: use mysqli or PDO instead F:\wx\Think\Library\Think\Db\Driver\Mysql.class.php 第 52 行.
SQL: SHOW COLUMNS FROM `message` [ RunTime:0.002392s ]
SQL: SELECT COUNT(*) AS tp_count FROM `message` WHERE ( `bid` = 1 ) AND ( `audit` = 1 ) LIMIT 1   [ RunTime:0.000323s ]
SQL: SHOW COLUMNS FROM `pro` [ RunTime:0.001935s ]
SQL: SELECT COUNT(*) AS tp_count FROM `pro` WHERE ( `bid` = 1 ) LIMIT 1   [ RunTime:0.000244s ]
SQL: SELECT * FROM `pro` WHERE ( `bid` = 1 ) ORDER BY pid asc LIMIT 0,1   [ RunTime:0.000272s ]
INFO: [ view_parse ] --START--
INFO: [ template_filter ] --START--
INFO: Run Behavior\ContentReplaceBehavior [ RunTime:0.000047s ]
INFO: [ template_filter ] --END-- [ RunTime:0.000093s ]
INFO: Run Behavior\ParseTemplateBehavior [ RunTime:0.009220s ]
INFO: [ view_parse ] --END-- [ RunTime:0.009268s ]
INFO: [ view_filter ] --START--
INFO: Run Behavior\WriteHtmlCacheBehavior [ RunTime:0.000336s ]
INFO: Run Behavior\TokenBuildBehavior [ RunTime:0.000804s ]
INFO: [ view_filter ] --END-- [ RunTime:0.001207s ]
INFO: [ app_end ] --START--
INFO: Run Behavior\ShowPageTraceBehavior [ RunTime:0.000525s ]
INFO: [ app_end ] --END-- [ RunTime:0.000570s ]

