[ 2014-02-27T16:44:19+08:00 ] 127.0.0.1 /Admin/Index
INFO: [ app_init ] --START--
INFO: Run Behavior\BuildLiteBehavior [ RunTime:0.000016s ]
INFO: [ app_init ] --END-- [ RunTime:0.011405s ]
INFO: [ app_begin ] --START--
INFO: Run Behavior\ReadHtmlCacheBehavior [ RunTime:0.000739s ]
INFO: [ app_begin ] --END-- [ RunTime:0.000808s ]
NOTIC: [8192] mysql_connect(): The mysql extension is deprecated and will be removed in the future: use mysqli or PDO instead F:\wx\Think\Library\Think\Db\Driver\Mysql.class.php 第 52 行.
SQL: SHOW COLUMNS FROM `message` [ RunTime:0.214737s ]
SQL: SELECT COUNT(*) AS tp_count FROM `message` WHERE ( audit=1 ) LIMIT 1   [ RunTime:0.062298s ]

[ 2014-02-27T16:44:19+08:00 ] 127.0.0.1 /Admin/Login
INFO: [ app_init ] --START--
INFO: Run Behavior\BuildLiteBehavior [ RunTime:0.000012s ]
INFO: [ app_init ] --END-- [ RunTime:0.000326s ]
INFO: [ app_begin ] --START--
INFO: Run Behavior\ReadHtmlCacheBehavior [ RunTime:0.000443s ]
INFO: [ app_begin ] --END-- [ RunTime:0.000494s ]
INFO: [ view_parse ] --START--
INFO: [ template_filter ] --START--
INFO: Run Behavior\ContentReplaceBehavior [ RunTime:0.000032s ]
INFO: [ template_filter ] --END-- [ RunTime:0.000082s ]
INFO: Run Behavior\ParseTemplateBehavior [ RunTime:0.039412s ]
INFO: [ view_parse ] --END-- [ RunTime:0.039468s ]
INFO: [ view_filter ] --START--
INFO: Run Behavior\WriteHtmlCacheBehavior [ RunTime:0.000446s ]
INFO: [ view_filter ] --END-- [ RunTime:0.000478s ]
INFO: [ app_end ] --START--
INFO: Run Behavior\ShowPageTraceBehavior [ RunTime:0.000656s ]
INFO: [ app_end ] --END-- [ RunTime:0.000699s ]

[ 2014-02-27T16:44:19+08:00 ] 127.0.0.1 /public/js/jquery-1.7.2.min.js?v=0.1
INFO: [ app_init ] --START--
INFO: Run Behavior\BuildLiteBehavior [ RunTime:0.000018s ]
INFO: [ app_init ] --END-- [ RunTime:0.000439s ]
INFO: [ app_begin ] --START--
INFO: Run Behavior\ReadHtmlCacheBehavior [ RunTime:0.000829s ]
INFO: [ app_begin ] --END-- [ RunTime:0.000898s ]
ERR: 无法加载控制器:Public

[ 2014-02-27T16:44:27+08:00 ] 127.0.0.1 /Admin/Login/Check
INFO: [ app_init ] --START--
INFO: Run Behavior\BuildLiteBehavior [ RunTime:0.000010s ]
INFO: [ app_init ] --END-- [ RunTime:0.000286s ]
INFO: [ app_begin ] --START--
INFO: Run Behavior\ReadHtmlCacheBehavior [ RunTime:0.000375s ]
INFO: [ app_begin ] --END-- [ RunTime:0.000426s ]
NOTIC: [8192] mysql_connect(): The mysql extension is deprecated and will be removed in the future: use mysqli or PDO instead F:\wx\Think\Library\Think\Db\Driver\Mysql.class.php 第 52 行.
SQL: SHOW COLUMNS FROM `users` [ RunTime:0.114189s ]
SQL: SELECT * FROM `users` WHERE ( `username` = '13867820265' ) LIMIT 1   [ RunTime:0.000308s ]
SQL: UPDATE `users` SET `username`='13867820265',`logincount`=logincount+1,`loginip`='127.0.0.1',`logintime`=1393490667 WHERE ( `username` = '13867820265' ) [ RunTime:0.110354s ]

[ 2014-02-27T16:44:27+08:00 ] 127.0.0.1 /Admin/Index
INFO: [ app_init ] --START--
INFO: Run Behavior\BuildLiteBehavior [ RunTime:0.000018s ]
INFO: [ app_init ] --END-- [ RunTime:0.000439s ]
INFO: [ app_begin ] --START--
INFO: Run Behavior\ReadHtmlCacheBehavior [ RunTime:0.000465s ]
INFO: [ app_begin ] --END-- [ RunTime:0.000509s ]
NOTIC: [8192] mysql_connect(): The mysql extension is deprecated and will be removed in the future: use mysqli or PDO instead F:\wx\Think\Library\Think\Db\Driver\Mysql.class.php 第 52 行.
SQL: SHOW COLUMNS FROM `message` [ RunTime:0.001792s ]
SQL: SELECT COUNT(*) AS tp_count FROM `message` WHERE ( audit=1 ) LIMIT 1   [ RunTime:0.000285s ]
INFO: [ view_parse ] --START--
INFO: [ template_filter ] --START--
INFO: Run Behavior\ContentReplaceBehavior [ RunTime:0.000037s ]
INFO: [ template_filter ] --END-- [ RunTime:0.000081s ]
INFO: Run Behavior\ParseTemplateBehavior [ RunTime:0.048169s ]
INFO: [ view_parse ] --END-- [ RunTime:0.048222s ]
INFO: [ view_filter ] --START--
INFO: Run Behavior\WriteHtmlCacheBehavior [ RunTime:0.000539s ]
INFO: [ view_filter ] --END-- [ RunTime:0.000574s ]
INFO: [ app_end ] --START--
INFO: Run Behavior\ShowPageTraceBehavior [ RunTime:0.000657s ]
INFO: [ app_end ] --END-- [ RunTime:0.000694s ]

[ 2014-02-27T16:44:30+08:00 ] 127.0.0.1 /Admin/User
INFO: [ app_init ] --START--
INFO: Run Behavior\BuildLiteBehavior [ RunTime:0.000015s ]
INFO: [ app_init ] --END-- [ RunTime:0.000410s ]
INFO: [ app_begin ] --START--
INFO: Run Behavior\ReadHtmlCacheBehavior [ RunTime:0.000699s ]
INFO: [ app_begin ] --END-- [ RunTime:0.000741s ]
NOTIC: [8192] mysql_connect(): The mysql extension is deprecated and will be removed in the future: use mysqli or PDO instead F:\wx\Think\Library\Think\Db\Driver\Mysql.class.php 第 52 行.
SQL: SHOW COLUMNS FROM `message` [ RunTime:0.001766s ]
SQL: SELECT COUNT(*) AS tp_count FROM `message` WHERE ( audit=1 ) LIMIT 1   [ RunTime:0.000188s ]
SQL: SHOW COLUMNS FROM `users` [ RunTime:0.001641s ]
NOTIC: [8] Undefined variable: user F:\wx\Admin\Controller\UserController.class.php 第 11 行.
SQL: SELECT COUNT(*) AS tp_count FROM `users` LIMIT 1   [ RunTime:0.000169s ]

[ 2014-02-27T16:45:35+08:00 ] 127.0.0.1 /Admin/User
INFO: [ app_init ] --START--
INFO: Run Behavior\BuildLiteBehavior [ RunTime:0.000012s ]
INFO: [ app_init ] --END-- [ RunTime:0.000322s ]
INFO: [ app_begin ] --START--
INFO: Run Behavior\ReadHtmlCacheBehavior [ RunTime:0.000627s ]
INFO: [ app_begin ] --END-- [ RunTime:0.000674s ]
NOTIC: [8192] mysql_connect(): The mysql extension is deprecated and will be removed in the future: use mysqli or PDO instead F:\wx\Think\Library\Think\Db\Driver\Mysql.class.php 第 52 行.
SQL: SHOW COLUMNS FROM `message` [ RunTime:0.002212s ]
SQL: SELECT COUNT(*) AS tp_count FROM `message` WHERE ( audit=1 ) LIMIT 1   [ RunTime:0.000211s ]
SQL: SHOW COLUMNS FROM `users` [ RunTime:0.001663s ]
NOTIC: [8] Undefined variable: user F:\wx\Admin\Controller\UserController.class.php 第 11 行.
SQL: SELECT COUNT(*) AS tp_count FROM `users` LIMIT 1   [ RunTime:0.000148s ]
SQL: SELECT * FROM `users` ORDER BY uid asc LIMIT 0,20   [ RunTime:0.023918s ]
INFO: [ view_parse ] --START--
INFO: [ template_filter ] --START--
INFO: Run Behavior\ContentReplaceBehavior [ RunTime:0.000043s ]
INFO: [ template_filter ] --END-- [ RunTime:0.000089s ]
INFO: Run Behavior\ParseTemplateBehavior [ RunTime:0.026596s ]
INFO: [ view_parse ] --END-- [ RunTime:0.026657s ]
INFO: [ view_filter ] --START--
INFO: Run Behavior\WriteHtmlCacheBehavior [ RunTime:0.000466s ]
INFO: [ view_filter ] --END-- [ RunTime:0.000499s ]
INFO: [ app_end ] --START--
INFO: Run Behavior\ShowPageTraceBehavior [ RunTime:0.000847s ]
INFO: [ app_end ] --END-- [ RunTime:0.000916s ]

[ 2014-02-27T16:45:38+08:00 ] 127.0.0.1 /Admin/User
INFO: [ app_init ] --START--
INFO: Run Behavior\BuildLiteBehavior [ RunTime:0.000013s ]
INFO: [ app_init ] --END-- [ RunTime:0.000376s ]
INFO: [ app_begin ] --START--
INFO: Run Behavior\ReadHtmlCacheBehavior [ RunTime:0.000525s ]
INFO: [ app_begin ] --END-- [ RunTime:0.000577s ]
NOTIC: [8192] mysql_connect(): The mysql extension is deprecated and will be removed in the future: use mysqli or PDO instead F:\wx\Think\Library\Think\Db\Driver\Mysql.class.php 第 52 行.
SQL: SHOW COLUMNS FROM `message` [ RunTime:0.001844s ]
SQL: SELECT COUNT(*) AS tp_count FROM `message` WHERE ( audit=1 ) LIMIT 1   [ RunTime:0.000216s ]
SQL: SHOW COLUMNS FROM `users` [ RunTime:0.001800s ]
NOTIC: [8] Undefined variable: user F:\wx\Admin\Controller\UserController.class.php 第 11 行.
SQL: SELECT COUNT(*) AS tp_count FROM `users` LIMIT 1   [ RunTime:0.000181s ]
SQL: SELECT * FROM `users` ORDER BY uid asc LIMIT 0,20   [ RunTime:0.000290s ]
INFO: [ view_parse ] --START--
INFO: [ template_filter ] --START--
INFO: Run Behavior\ContentReplaceBehavior [ RunTime:0.000049s ]
INFO: [ template_filter ] --END-- [ RunTime:0.000095s ]
INFO: Run Behavior\ParseTemplateBehavior [ RunTime:0.008995s ]
INFO: [ view_parse ] --END-- [ RunTime:0.009071s ]
INFO: [ view_filter ] --START--
INFO: Run Behavior\WriteHtmlCacheBehavior [ RunTime:0.000344s ]
INFO: [ view_filter ] --END-- [ RunTime:0.000378s ]
INFO: [ app_end ] --START--
INFO: Run Behavior\ShowPageTraceBehavior [ RunTime:0.000630s ]
INFO: [ app_end ] --END-- [ RunTime:0.000697s ]

[ 2014-02-27T16:45:39+08:00 ] 127.0.0.1 /Admin/Business
INFO: [ app_init ] --START--
INFO: Run Behavior\BuildLiteBehavior [ RunTime:0.000012s ]
INFO: [ app_init ] --END-- [ RunTime:0.000286s ]
INFO: [ app_begin ] --START--
INFO: Run Behavior\ReadHtmlCacheBehavior [ RunTime:0.000341s ]
INFO: [ app_begin ] --END-- [ RunTime:0.000379s ]
NOTIC: [8192] mysql_connect(): The mysql extension is deprecated and will be removed in the future: use mysqli or PDO instead F:\wx\Think\Library\Think\Db\Driver\Mysql.class.php 第 52 行.
SQL: SHOW COLUMNS FROM `message` [ RunTime:0.001798s ]
SQL: SELECT COUNT(*) AS tp_count FROM `message` WHERE ( audit=1 ) LIMIT 1   [ RunTime:0.000186s ]
SQL: SHOW COLUMNS FROM `business` [ RunTime:0.037597s ]
SQL: SELECT * FROM `business` WHERE ( `uid` = 1 ) LIMIT 1   [ RunTime:0.000290s ]
INFO: [ view_parse ] --START--
INFO: [ template_filter ] --START--
INFO: Run Behavior\ContentReplaceBehavior [ RunTime:0.000046s ]
INFO: [ template_filter ] --END-- [ RunTime:0.000089s ]
INFO: Run Behavior\ParseTemplateBehavior [ RunTime:0.006278s ]
INFO: [ view_parse ] --END-- [ RunTime:0.006324s ]
INFO: [ view_filter ] --START--
INFO: Run Behavior\WriteHtmlCacheBehavior [ RunTime:0.000200s ]
INFO: [ view_filter ] --END-- [ RunTime:0.000232s ]
INFO: [ app_end ] --START--
INFO: Run Behavior\ShowPageTraceBehavior [ RunTime:0.000375s ]
INFO: [ app_end ] --END-- [ RunTime:0.000418s ]

[ 2014-02-27T16:45:40+08:00 ] 127.0.0.1 /Admin/User/Profile
INFO: [ app_init ] --START--
INFO: Run Behavior\BuildLiteBehavior [ RunTime:0.000011s ]
INFO: [ app_init ] --END-- [ RunTime:0.000281s ]
INFO: [ app_begin ] --START--
INFO: Run Behavior\ReadHtmlCacheBehavior [ RunTime:0.000372s ]
INFO: [ app_begin ] --END-- [ RunTime:0.000409s ]
NOTIC: [8192] mysql_connect(): The mysql extension is deprecated and will be removed in the future: use mysqli or PDO instead F:\wx\Think\Library\Think\Db\Driver\Mysql.class.php 第 52 行.
SQL: SHOW COLUMNS FROM `message` [ RunTime:0.001798s ]
SQL: SELECT COUNT(*) AS tp_count FROM `message` WHERE ( audit=1 ) LIMIT 1   [ RunTime:0.000198s ]
SQL: SHOW COLUMNS FROM `users` [ RunTime:0.001698s ]
NOTIC: [8] Undefined index: uid F:\wx\Admin\Controller\UserController.class.php 第 28 行.
NOTIC: [8] Undefined index: uid F:\wx\Admin\Controller\UserController.class.php 第 29 行.
SQL: SELECT * FROM `users` WHERE ( `uid` = 1 ) LIMIT 1   [ RunTime:0.000288s ]
INFO: [ view_parse ] --START--
INFO: [ template_filter ] --START--
INFO: Run Behavior\ContentReplaceBehavior [ RunTime:0.000042s ]
INFO: [ template_filter ] --END-- [ RunTime:0.000087s ]
INFO: Run Behavior\ParseTemplateBehavior [ RunTime:0.016451s ]
INFO: [ view_parse ] --END-- [ RunTime:0.016497s ]
INFO: [ view_filter ] --START--
INFO: Run Behavior\WriteHtmlCacheBehavior [ RunTime:0.000187s ]
INFO: [ view_filter ] --END-- [ RunTime:0.000220s ]
INFO: [ app_end ] --START--
INFO: Run Behavior\ShowPageTraceBehavior [ RunTime:0.000357s ]
INFO: [ app_end ] --END-- [ RunTime:0.000389s ]

[ 2014-02-27T16:45:41+08:00 ] 127.0.0.1 /Admin/User/Add
INFO: [ app_init ] --START--
INFO: Run Behavior\BuildLiteBehavior [ RunTime:0.000013s ]
INFO: [ app_init ] --END-- [ RunTime:0.000298s ]
INFO: [ app_begin ] --START--
INFO: Run Behavior\ReadHtmlCacheBehavior [ RunTime:0.000369s ]
INFO: [ app_begin ] --END-- [ RunTime:0.000409s ]
NOTIC: [8192] mysql_connect(): The mysql extension is deprecated and will be removed in the future: use mysqli or PDO instead F:\wx\Think\Library\Think\Db\Driver\Mysql.class.php 第 52 行.
SQL: SHOW COLUMNS FROM `message` [ RunTime:0.001760s ]
SQL: SELECT COUNT(*) AS tp_count FROM `message` WHERE ( audit=1 ) LIMIT 1   [ RunTime:0.000183s ]
SQL: SHOW COLUMNS FROM `users` [ RunTime:0.001959s ]
INFO: [ view_parse ] --START--
INFO: [ template_filter ] --START--
INFO: Run Behavior\ContentReplaceBehavior [ RunTime:0.000043s ]
INFO: [ template_filter ] --END-- [ RunTime:0.000089s ]
NOTIC: [8] Undefined variable: uid F:\wx\Runtime\Cache\Admin\69e5bdef035fd65e75a8707eb6c64fa8.php 第 104 行.
NOTIC: [8] Undefined variable: uid F:\wx\Runtime\Cache\Admin\69e5bdef035fd65e75a8707eb6c64fa8.php 第 105 行.
NOTIC: [8] Undefined variable: groupid F:\wx\Runtime\Cache\Admin\69e5bdef035fd65e75a8707eb6c64fa8.php 第 122 行.
NOTIC: [8] Undefined variable: groupid F:\wx\Runtime\Cache\Admin\69e5bdef035fd65e75a8707eb6c64fa8.php 第 123 行.
INFO: Run Behavior\ParseTemplateBehavior [ RunTime:0.106015s ]
INFO: [ view_parse ] --END-- [ RunTime:0.106054s ]
INFO: [ view_filter ] --START--
INFO: Run Behavior\WriteHtmlCacheBehavior [ RunTime:0.000188s ]
INFO: [ view_filter ] --END-- [ RunTime:0.000218s ]
INFO: [ app_end ] --START--
INFO: Run Behavior\ShowPageTraceBehavior [ RunTime:0.000437s ]
INFO: [ app_end ] --END-- [ RunTime:0.000474s ]

[ 2014-02-27T16:46:11+08:00 ] 127.0.0.1 /Admin/User/Add
INFO: [ app_init ] --START--
INFO: Run Behavior\BuildLiteBehavior [ RunTime:0.000022s ]
INFO: [ app_init ] --END-- [ RunTime:0.000641s ]
INFO: [ app_begin ] --START--
INFO: Run Behavior\ReadHtmlCacheBehavior [ RunTime:0.001379s ]
INFO: [ app_begin ] --END-- [ RunTime:0.001421s ]
NOTIC: [8192] mysql_connect(): The mysql extension is deprecated and will be removed in the future: use mysqli or PDO instead F:\wx\Think\Library\Think\Db\Driver\Mysql.class.php 第 52 行.
SQL: SHOW COLUMNS FROM `message` [ RunTime:0.001964s ]
SQL: SELECT COUNT(*) AS tp_count FROM `message` WHERE ( audit=1 ) LIMIT 1   [ RunTime:0.000221s ]
SQL: SHOW COLUMNS FROM `users` [ RunTime:0.001683s ]
INFO: [ view_parse ] --START--
INFO: [ template_filter ] --START--
INFO: Run Behavior\ContentReplaceBehavior [ RunTime:0.000040s ]
INFO: [ template_filter ] --END-- [ RunTime:0.000082s ]
NOTIC: [8] Undefined variable: uid F:\wx\Runtime\Cache\Admin\69e5bdef035fd65e75a8707eb6c64fa8.php 第 104 行.
NOTIC: [8] Undefined variable: uid F:\wx\Runtime\Cache\Admin\69e5bdef035fd65e75a8707eb6c64fa8.php 第 105 行.
NOTIC: [8] Undefined variable: groupid F:\wx\Runtime\Cache\Admin\69e5bdef035fd65e75a8707eb6c64fa8.php 第 122 行.
NOTIC: [8] Undefined variable: groupid F:\wx\Runtime\Cache\Admin\69e5bdef035fd65e75a8707eb6c64fa8.php 第 123 行.
INFO: Run Behavior\ParseTemplateBehavior [ RunTime:0.010537s ]
INFO: [ view_parse ] --END-- [ RunTime:0.010577s ]
INFO: [ view_filter ] --START--
INFO: Run Behavior\WriteHtmlCacheBehavior [ RunTime:0.001242s ]
INFO: [ view_filter ] --END-- [ RunTime:0.001273s ]
INFO: [ app_end ] --START--
INFO: Run Behavior\ShowPageTraceBehavior [ RunTime:0.001391s ]
INFO: [ app_end ] --END-- [ RunTime:0.001427s ]

[ 2014-02-27T16:46:12+08:00 ] 127.0.0.1 /Admin/User
INFO: [ app_init ] --START--
INFO: Run Behavior\BuildLiteBehavior [ RunTime:0.000012s ]
INFO: [ app_init ] --END-- [ RunTime:0.000539s ]
INFO: [ app_begin ] --START--
INFO: Run Behavior\ReadHtmlCacheBehavior [ RunTime:0.001523s ]
INFO: [ app_begin ] --END-- [ RunTime:0.001565s ]
NOTIC: [8192] mysql_connect(): The mysql extension is deprecated and will be removed in the future: use mysqli or PDO instead F:\wx\Think\Library\Think\Db\Driver\Mysql.class.php 第 52 行.
SQL: SHOW COLUMNS FROM `message` [ RunTime:0.001817s ]
SQL: SELECT COUNT(*) AS tp_count FROM `message` WHERE ( audit=1 ) LIMIT 1   [ RunTime:0.000191s ]
SQL: SHOW COLUMNS FROM `users` [ RunTime:0.001609s ]
NOTIC: [8] Undefined variable: user F:\wx\Admin\Controller\UserController.class.php 第 11 行.
SQL: SELECT COUNT(*) AS tp_count FROM `users` LIMIT 1   [ RunTime:0.000150s ]
SQL: SELECT * FROM `users` ORDER BY uid asc LIMIT 0,20   [ RunTime:0.000242s ]
INFO: [ view_parse ] --START--
INFO: [ template_filter ] --START--
INFO: Run Behavior\ContentReplaceBehavior [ RunTime:0.000046s ]
INFO: [ template_filter ] --END-- [ RunTime:0.000091s ]
INFO: Run Behavior\ParseTemplateBehavior [ RunTime:0.012159s ]
INFO: [ view_parse ] --END-- [ RunTime:0.012213s ]
INFO: [ view_filter ] --START--
INFO: Run Behavior\WriteHtmlCacheBehavior [ RunTime:0.001270s ]
INFO: [ view_filter ] --END-- [ RunTime:0.001305s ]
INFO: [ app_end ] --START--
INFO: Run Behavior\ShowPageTraceBehavior [ RunTime:0.002059s ]
INFO: [ app_end ] --END-- [ RunTime:0.002155s ]

[ 2014-02-27T16:46:13+08:00 ] 127.0.0.1 /Admin/User
INFO: [ app_init ] --START--
INFO: Run Behavior\BuildLiteBehavior [ RunTime:0.000013s ]
INFO: [ app_init ] --END-- [ RunTime:0.000566s ]
INFO: [ app_begin ] --START--
INFO: Run Behavior\ReadHtmlCacheBehavior [ RunTime:0.001411s ]
INFO: [ app_begin ] --END-- [ RunTime:0.001463s ]
NOTIC: [8192] mysql_connect(): The mysql extension is deprecated and will be removed in the future: use mysqli or PDO instead F:\wx\Think\Library\Think\Db\Driver\Mysql.class.php 第 52 行.
SQL: SHOW COLUMNS FROM `message` [ RunTime:0.001857s ]
SQL: SELECT COUNT(*) AS tp_count FROM `message` WHERE ( audit=1 ) LIMIT 1   [ RunTime:0.000195s ]
SQL: SHOW COLUMNS FROM `users` [ RunTime:0.001687s ]
NOTIC: [8] Undefined variable: user F:\wx\Admin\Controller\UserController.class.php 第 11 行.
SQL: SELECT COUNT(*) AS tp_count FROM `users` LIMIT 1   [ RunTime:0.000158s ]
SQL: SELECT * FROM `users` ORDER BY uid asc LIMIT 0,20   [ RunTime:0.000294s ]
INFO: [ view_parse ] --START--
INFO: [ template_filter ] --START--
INFO: Run Behavior\ContentReplaceBehavior [ RunTime:0.000053s ]
INFO: [ template_filter ] --END-- [ RunTime:0.000094s ]
INFO: Run Behavior\ParseTemplateBehavior [ RunTime:0.011709s ]
INFO: [ view_parse ] --END-- [ RunTime:0.011766s ]
INFO: [ view_filter ] --START--
INFO: Run Behavior\WriteHtmlCacheBehavior [ RunTime:0.001383s ]
INFO: [ view_filter ] --END-- [ RunTime:0.001420s ]
INFO: [ app_end ] --START--
INFO: Run Behavior\ShowPageTraceBehavior [ RunTime:0.002252s ]
INFO: [ app_end ] --END-- [ RunTime:0.002366s ]

[ 2014-02-27T16:46:14+08:00 ] 127.0.0.1 /Admin/User
INFO: [ app_init ] --START--
INFO: Run Behavior\BuildLiteBehavior [ RunTime:0.000012s ]
INFO: [ app_init ] --END-- [ RunTime:0.000567s ]
INFO: [ app_begin ] --START--
INFO: Run Behavior\ReadHtmlCacheBehavior [ RunTime:0.001462s ]
INFO: [ app_begin ] --END-- [ RunTime:0.001510s ]
NOTIC: [8192] mysql_connect(): The mysql extension is deprecated and will be removed in the future: use mysqli or PDO instead F:\wx\Think\Library\Think\Db\Driver\Mysql.class.php 第 52 行.
SQL: SHOW COLUMNS FROM `message` [ RunTime:0.001919s ]
SQL: SELECT COUNT(*) AS tp_count FROM `message` WHERE ( audit=1 ) LIMIT 1   [ RunTime:0.000219s ]
SQL: SHOW COLUMNS FROM `users` [ RunTime:0.001719s ]
NOTIC: [8] Undefined variable: user F:\wx\Admin\Controller\UserController.class.php 第 11 行.
SQL: SELECT COUNT(*) AS tp_count FROM `users` LIMIT 1   [ RunTime:0.000154s ]
SQL: SELECT * FROM `users` ORDER BY uid asc LIMIT 0,20   [ RunTime:0.000339s ]
INFO: [ view_parse ] --START--
INFO: [ template_filter ] --START--
INFO: Run Behavior\ContentReplaceBehavior [ RunTime:0.000046s ]
INFO: [ template_filter ] --END-- [ RunTime:0.000096s ]
INFO: Run Behavior\ParseTemplateBehavior [ RunTime:0.011891s ]
INFO: [ view_parse ] --END-- [ RunTime:0.011950s ]
INFO: [ view_filter ] --START--
INFO: Run Behavior\WriteHtmlCacheBehavior [ RunTime:0.001228s ]
INFO: [ view_filter ] --END-- [ RunTime:0.001261s ]
INFO: [ app_end ] --START--
INFO: Run Behavior\ShowPageTraceBehavior [ RunTime:0.001997s ]
INFO: [ app_end ] --END-- [ RunTime:0.002090s ]

[ 2014-02-27T17:10:56+08:00 ] 127.0.0.1 /Admin/Message
INFO: [ app_init ] --START--
INFO: Run Behavior\BuildLiteBehavior [ RunTime:0.000012s ]
INFO: [ app_init ] --END-- [ RunTime:0.000353s ]
INFO: [ app_begin ] --START--
INFO: Run Behavior\ReadHtmlCacheBehavior [ RunTime:0.000660s ]
INFO: [ app_begin ] --END-- [ RunTime:0.000699s ]
NOTIC: [2048] Declaration of Admin\Controller\MessageController::show() should be compatible with Think\Controller::show($content, $charset = '', $contentType = '', $prefix = '') F:\wx\Admin\Controller\MessageController.class.php 第 5 行.
NOTIC: [8192] mysql_connect(): The mysql extension is deprecated and will be removed in the future: use mysqli or PDO instead F:\wx\Think\Library\Think\Db\Driver\Mysql.class.php 第 52 行.
SQL: SHOW COLUMNS FROM `message` [ RunTime:0.001847s ]
SQL: SELECT COUNT(*) AS tp_count FROM `message` WHERE ( audit=1 ) LIMIT 1   [ RunTime:0.000205s ]
SQL: SELECT COUNT(*) AS tp_count FROM `message` WHERE ( `bid` = 1 ) LIMIT 1   [ RunTime:0.016547s ]
SQL: SELECT * FROM `message` WHERE ( `bid` = 1 ) ORDER BY id asc LIMIT 0,20   [ RunTime:0.000259s ]
INFO: [ view_parse ] --START--
INFO: [ template_filter ] --START--
INFO: Run Behavior\ContentReplaceBehavior [ RunTime:0.000050s ]
INFO: [ template_filter ] --END-- [ RunTime:0.000093s ]
INFO: Run Behavior\ParseTemplateBehavior [ RunTime:0.040835s ]
INFO: [ view_parse ] --END-- [ RunTime:0.040903s ]
INFO: [ view_filter ] --START--
INFO: Run Behavior\WriteHtmlCacheBehavior [ RunTime:0.000608s ]
INFO: [ view_filter ] --END-- [ RunTime:0.000645s ]
INFO: [ app_end ] --START--
INFO: Run Behavior\ShowPageTraceBehavior [ RunTime:0.000645s ]
INFO: [ app_end ] --END-- [ RunTime:0.000680s ]

[ 2014-02-27T17:13:28+08:00 ] 127.0.0.1 /Admin/Message
INFO: [ app_init ] --START--
INFO: Run Behavior\BuildLiteBehavior [ RunTime:0.000012s ]
INFO: [ app_init ] --END-- [ RunTime:0.000365s ]
INFO: [ app_begin ] --START--
INFO: Run Behavior\ReadHtmlCacheBehavior [ RunTime:0.000662s ]
INFO: [ app_begin ] --END-- [ RunTime:0.000703s ]

[ 2014-02-27T17:13:35+08:00 ] 127.0.0.1 /Admin/Message
INFO: [ app_init ] --START--
INFO: Run Behavior\BuildLiteBehavior [ RunTime:0.000011s ]
INFO: [ app_init ] --END-- [ RunTime:0.000341s ]
INFO: [ app_begin ] --START--
INFO: Run Behavior\ReadHtmlCacheBehavior [ RunTime:0.000711s ]
INFO: [ app_begin ] --END-- [ RunTime:0.000760s ]
NOTIC: [2048] Declaration of Admin\Controller\MessageController::show() should be compatible with Think\Controller::show($content, $charset = '', $contentType = '', $prefix = '') F:\wx\Admin\Controller\MessageController.class.php 第 5 行.
NOTIC: [8192] mysql_connect(): The mysql extension is deprecated and will be removed in the future: use mysqli or PDO instead F:\wx\Think\Library\Think\Db\Driver\Mysql.class.php 第 52 行.
SQL: SHOW COLUMNS FROM `message` [ RunTime:0.001832s ]
SQL: SELECT COUNT(*) AS tp_count FROM `message` WHERE ( audit=1 ) LIMIT 1   [ RunTime:0.000196s ]
NOTIC: [8] Use of undefined constant audit - assumed 'audit' F:\wx\Admin\Controller\MessageController.class.php 第 11 行.
SQL: SELECT COUNT(*) AS tp_count FROM `message` WHERE ( `bid` = 1 ) LIMIT 1   [ RunTime:0.000149s ]
SQL: SELECT * FROM `message` WHERE ( `bid` = 1 ) ORDER BY id asc LIMIT 0,20   [ RunTime:0.000355s ]
INFO: [ view_parse ] --START--
INFO: [ template_filter ] --START--
INFO: Run Behavior\ContentReplaceBehavior [ RunTime:0.000054s ]
INFO: [ template_filter ] --END-- [ RunTime:0.000096s ]
INFO: Run Behavior\ParseTemplateBehavior [ RunTime:0.011703s ]
INFO: [ view_parse ] --END-- [ RunTime:0.011757s ]
INFO: [ view_filter ] --START--
INFO: Run Behavior\WriteHtmlCacheBehavior [ RunTime:0.000441s ]
INFO: [ view_filter ] --END-- [ RunTime:0.000485s ]
INFO: [ app_end ] --START--
INFO: Run Behavior\ShowPageTraceBehavior [ RunTime:0.000636s ]
INFO: [ app_end ] --END-- [ RunTime:0.000671s ]

[ 2014-02-27T17:13:36+08:00 ] 127.0.0.1 /Admin/Message
INFO: [ app_init ] --START--
INFO: Run Behavior\BuildLiteBehavior [ RunTime:0.000011s ]
INFO: [ app_init ] --END-- [ RunTime:0.000345s ]
INFO: [ app_begin ] --START--
INFO: Run Behavior\ReadHtmlCacheBehavior [ RunTime:0.000557s ]
INFO: [ app_begin ] --END-- [ RunTime:0.000597s ]
NOTIC: [2048] Declaration of Admin\Controller\MessageController::show() should be compatible with Think\Controller::show($content, $charset = '', $contentType = '', $prefix = '') F:\wx\Admin\Controller\MessageController.class.php 第 5 行.
NOTIC: [8192] mysql_connect(): The mysql extension is deprecated and will be removed in the future: use mysqli or PDO instead F:\wx\Think\Library\Think\Db\Driver\Mysql.class.php 第 52 行.
SQL: SHOW COLUMNS FROM `message` [ RunTime:0.001813s ]
SQL: SELECT COUNT(*) AS tp_count FROM `message` WHERE ( audit=1 ) LIMIT 1   [ RunTime:0.000190s ]
NOTIC: [8] Use of undefined constant audit - assumed 'audit' F:\wx\Admin\Controller\MessageController.class.php 第 11 行.
SQL: SELECT COUNT(*) AS tp_count FROM `message` WHERE ( `bid` = 1 ) LIMIT 1   [ RunTime:0.000147s ]
SQL: SELECT * FROM `message` WHERE ( `bid` = 1 ) ORDER BY id asc LIMIT 0,20   [ RunTime:0.000198s ]
INFO: [ view_parse ] --START--
INFO: [ template_filter ] --START--
INFO: Run Behavior\ContentReplaceBehavior [ RunTime:0.000053s ]
INFO: [ template_filter ] --END-- [ RunTime:0.000096s ]
INFO: Run Behavior\ParseTemplateBehavior [ RunTime:0.011319s ]
INFO: [ view_parse ] --END-- [ RunTime:0.011377s ]
INFO: [ view_filter ] --START--
INFO: Run Behavior\WriteHtmlCacheBehavior [ RunTime:0.000564s ]
INFO: [ view_filter ] --END-- [ RunTime:0.000630s ]
INFO: [ app_end ] --START--
INFO: Run Behavior\ShowPageTraceBehavior [ RunTime:0.000679s ]
INFO: [ app_end ] --END-- [ RunTime:0.000714s ]

[ 2014-02-27T17:13:36+08:00 ] 127.0.0.1 /Admin/Message
INFO: [ app_init ] --START--
INFO: Run Behavior\BuildLiteBehavior [ RunTime:0.000022s ]
INFO: [ app_init ] --END-- [ RunTime:0.000565s ]
INFO: [ app_begin ] --START--
INFO: Run Behavior\ReadHtmlCacheBehavior [ RunTime:0.001151s ]
INFO: [ app_begin ] --END-- [ RunTime:0.001324s ]
NOTIC: [2048] Declaration of Admin\Controller\MessageController::show() should be compatible with Think\Controller::show($content, $charset = '', $contentType = '', $prefix = '') F:\wx\Admin\Controller\MessageController.class.php 第 5 行.
NOTIC: [8192] mysql_connect(): The mysql extension is deprecated and will be removed in the future: use mysqli or PDO instead F:\wx\Think\Library\Think\Db\Driver\Mysql.class.php 第 52 行.
SQL: SHOW COLUMNS FROM `message` [ RunTime:0.002252s ]
SQL: SELECT COUNT(*) AS tp_count FROM `message` WHERE ( audit=1 ) LIMIT 1   [ RunTime:0.000253s ]
NOTIC: [8] Use of undefined constant audit - assumed 'audit' F:\wx\Admin\Controller\MessageController.class.php 第 11 行.
SQL: SELECT COUNT(*) AS tp_count FROM `message` WHERE ( `bid` = 1 ) LIMIT 1   [ RunTime:0.000179s ]
SQL: SELECT * FROM `message` WHERE ( `bid` = 1 ) ORDER BY id asc LIMIT 0,20   [ RunTime:0.000231s ]
INFO: [ view_parse ] --START--
INFO: [ template_filter ] --START--
INFO: Run Behavior\ContentReplaceBehavior [ RunTime:0.000053s ]
INFO: [ template_filter ] --END-- [ RunTime:0.000097s ]
INFO: Run Behavior\ParseTemplateBehavior [ RunTime:0.011213s ]
INFO: [ view_parse ] --END-- [ RunTime:0.011259s ]
INFO: [ view_filter ] --START--
INFO: Run Behavior\WriteHtmlCacheBehavior [ RunTime:0.000571s ]
INFO: [ view_filter ] --END-- [ RunTime:0.000634s ]
INFO: [ app_end ] --START--
INFO: Run Behavior\ShowPageTraceBehavior [ RunTime:0.000639s ]
INFO: [ app_end ] --END-- [ RunTime:0.000672s ]

[ 2014-02-27T17:13:37+08:00 ] 127.0.0.1 /Admin/Message
INFO: [ app_init ] --START--
INFO: Run Behavior\BuildLiteBehavior [ RunTime:0.000015s ]
INFO: [ app_init ] --END-- [ RunTime:0.000304s ]
INFO: [ app_begin ] --START--
INFO: Run Behavior\ReadHtmlCacheBehavior [ RunTime:0.000419s ]
INFO: [ app_begin ] --END-- [ RunTime:0.000463s ]
NOTIC: [2048] Declaration of Admin\Controller\MessageController::show() should be compatible with Think\Controller::show($content, $charset = '', $contentType = '', $prefix = '') F:\wx\Admin\Controller\MessageController.class.php 第 5 行.
NOTIC: [8192] mysql_connect(): The mysql extension is deprecated and will be removed in the future: use mysqli or PDO instead F:\wx\Think\Library\Think\Db\Driver\Mysql.class.php 第 52 行.
SQL: SHOW COLUMNS FROM `message` [ RunTime:0.001839s ]
SQL: SELECT COUNT(*) AS tp_count FROM `message` WHERE ( audit=1 ) LIMIT 1   [ RunTime:0.000191s ]
NOTIC: [8] Use of undefined constant audit - assumed 'audit' F:\wx\Admin\Controller\MessageController.class.php 第 11 行.
SQL: SELECT COUNT(*) AS tp_count FROM `message` WHERE ( `bid` = 1 ) LIMIT 1   [ RunTime:0.000146s ]
SQL: SELECT * FROM `message` WHERE ( `bid` = 1 ) ORDER BY id asc LIMIT 0,20   [ RunTime:0.000200s ]
INFO: [ view_parse ] --START--
INFO: [ template_filter ] --START--
INFO: Run Behavior\ContentReplaceBehavior [ RunTime:0.000054s ]
INFO: [ template_filter ] --END-- [ RunTime:0.000102s ]
INFO: Run Behavior\ParseTemplateBehavior [ RunTime:0.010508s ]
INFO: [ view_parse ] --END-- [ RunTime:0.010555s ]
INFO: [ view_filter ] --START--
INFO: Run Behavior\WriteHtmlCacheBehavior [ RunTime:0.000472s ]
INFO: [ view_filter ] --END-- [ RunTime:0.000506s ]
INFO: [ app_end ] --START--
INFO: Run Behavior\ShowPageTraceBehavior [ RunTime:0.000619s ]
INFO: [ app_end ] --END-- [ RunTime:0.000654s ]

[ 2014-02-27T17:13:37+08:00 ] 127.0.0.1 /Admin/Message
INFO: [ app_init ] --START--
INFO: Run Behavior\BuildLiteBehavior [ RunTime:0.000013s ]
INFO: [ app_init ] --END-- [ RunTime:0.000317s ]
INFO: [ app_begin ] --START--
INFO: Run Behavior\ReadHtmlCacheBehavior [ RunTime:0.000377s ]
INFO: [ app_begin ] --END-- [ RunTime:0.000416s ]
NOTIC: [2048] Declaration of Admin\Controller\MessageController::show() should be compatible with Think\Controller::show($content, $charset = '', $contentType = '', $prefix = '') F:\wx\Admin\Controller\MessageController.class.php 第 5 行.
NOTIC: [8192] mysql_connect(): The mysql extension is deprecated and will be removed in the future: use mysqli or PDO instead F:\wx\Think\Library\Think\Db\Driver\Mysql.class.php 第 52 行.
SQL: SHOW COLUMNS FROM `message` [ RunTime:0.001769s ]
SQL: SELECT COUNT(*) AS tp_count FROM `message` WHERE ( audit=1 ) LIMIT 1   [ RunTime:0.000184s ]
NOTIC: [8] Use of undefined constant audit - assumed 'audit' F:\wx\Admin\Controller\MessageController.class.php 第 11 行.
SQL: SELECT COUNT(*) AS tp_count FROM `message` WHERE ( `bid` = 1 ) LIMIT 1   [ RunTime:0.000146s ]
SQL: SELECT * FROM `message` WHERE ( `bid` = 1 ) ORDER BY id asc LIMIT 0,20   [ RunTime:0.000199s ]
INFO: [ view_parse ] --START--
INFO: [ template_filter ] --START--
INFO: Run Behavior\ContentReplaceBehavior [ RunTime:0.000059s ]
INFO: [ template_filter ] --END-- [ RunTime:0.000106s ]
INFO: Run Behavior\ParseTemplateBehavior [ RunTime:0.011762s ]
INFO: [ view_parse ] --END-- [ RunTime:0.011822s ]
INFO: [ view_filter ] --START--
INFO: Run Behavior\WriteHtmlCacheBehavior [ RunTime:0.000428s ]
INFO: [ view_filter ] --END-- [ RunTime:0.000460s ]
INFO: [ app_end ] --START--
INFO: Run Behavior\ShowPageTraceBehavior [ RunTime:0.000561s ]
INFO: [ app_end ] --END-- [ RunTime:0.000592s ]

[ 2014-02-27T17:14:03+08:00 ] 127.0.0.1 /Admin/Message
INFO: [ app_init ] --START--
INFO: Run Behavior\BuildLiteBehavior [ RunTime:0.000012s ]
INFO: [ app_init ] --END-- [ RunTime:0.000313s ]
INFO: [ app_begin ] --START--
INFO: Run Behavior\ReadHtmlCacheBehavior [ RunTime:0.000386s ]
INFO: [ app_begin ] --END-- [ RunTime:0.000424s ]
NOTIC: [2048] Declaration of Admin\Controller\MessageController::show() should be compatible with Think\Controller::show($content, $charset = '', $contentType = '', $prefix = '') F:\wx\Admin\Controller\MessageController.class.php 第 5 行.
NOTIC: [8192] mysql_connect(): The mysql extension is deprecated and will be removed in the future: use mysqli or PDO instead F:\wx\Think\Library\Think\Db\Driver\Mysql.class.php 第 52 行.
SQL: SHOW COLUMNS FROM `message` [ RunTime:0.001757s ]
SQL: SELECT COUNT(*) AS tp_count FROM `message` WHERE ( audit=1 ) LIMIT 1   [ RunTime:0.000209s ]
NOTIC: [8] Use of undefined constant audit - assumed 'audit' F:\wx\Admin\Controller\MessageController.class.php 第 11 行.
SQL: SELECT COUNT(*) AS tp_count FROM `message` WHERE ( `bid` = 1 ) LIMIT 1   [ RunTime:0.000157s ]
SQL: SELECT * FROM `message` WHERE ( `bid` = 1 ) ORDER BY id asc LIMIT 0,20   [ RunTime:0.000241s ]
INFO: [ view_parse ] --START--
INFO: [ template_filter ] --START--
INFO: Run Behavior\ContentReplaceBehavior [ RunTime:0.000051s ]
INFO: [ template_filter ] --END-- [ RunTime:0.000095s ]
INFO: Run Behavior\ParseTemplateBehavior [ RunTime:0.011066s ]
INFO: [ view_parse ] --END-- [ RunTime:0.011114s ]
INFO: [ view_filter ] --START--
INFO: Run Behavior\WriteHtmlCacheBehavior [ RunTime:0.000456s ]
INFO: [ view_filter ] --END-- [ RunTime:0.000488s ]
INFO: [ app_end ] --START--
INFO: Run Behavior\ShowPageTraceBehavior [ RunTime:0.000663s ]
INFO: [ app_end ] --END-- [ RunTime:0.000721s ]

[ 2014-02-27T17:14:05+08:00 ] 127.0.0.1 /Admin/Message
INFO: [ app_init ] --START--
INFO: Run Behavior\BuildLiteBehavior [ RunTime:0.000012s ]
INFO: [ app_init ] --END-- [ RunTime:0.000283s ]
INFO: [ app_begin ] --START--
INFO: Run Behavior\ReadHtmlCacheBehavior [ RunTime:0.000425s ]
INFO: [ app_begin ] --END-- [ RunTime:0.000479s ]
NOTIC: [2048] Declaration of Admin\Controller\MessageController::show() should be compatible with Think\Controller::show($content, $charset = '', $contentType = '', $prefix = '') F:\wx\Admin\Controller\MessageController.class.php 第 5 行.
NOTIC: [8192] mysql_connect(): The mysql extension is deprecated and will be removed in the future: use mysqli or PDO instead F:\wx\Think\Library\Think\Db\Driver\Mysql.class.php 第 52 行.
SQL: SHOW COLUMNS FROM `message` [ RunTime:0.002101s ]
SQL: SELECT COUNT(*) AS tp_count FROM `message` WHERE ( audit=1 ) LIMIT 1   [ RunTime:0.000247s ]
NOTIC: [8] Use of undefined constant audit - assumed 'audit' F:\wx\Admin\Controller\MessageController.class.php 第 11 行.
SQL: SELECT COUNT(*) AS tp_count FROM `message` WHERE ( `bid` = 1 ) LIMIT 1   [ RunTime:0.000158s ]
SQL: SELECT * FROM `message` WHERE ( `bid` = 1 ) ORDER BY id asc LIMIT 0,20   [ RunTime:0.000240s ]
INFO: [ view_parse ] --START--
INFO: [ template_filter ] --START--
INFO: Run Behavior\ContentReplaceBehavior [ RunTime:0.000051s ]
INFO: [ template_filter ] --END-- [ RunTime:0.000097s ]
INFO: Run Behavior\ParseTemplateBehavior [ RunTime:0.011060s ]
INFO: [ view_parse ] --END-- [ RunTime:0.011112s ]
INFO: [ view_filter ] --START--
INFO: Run Behavior\WriteHtmlCacheBehavior [ RunTime:0.000474s ]
INFO: [ view_filter ] --END-- [ RunTime:0.000510s ]
INFO: [ app_end ] --START--
INFO: Run Behavior\ShowPageTraceBehavior [ RunTime:0.001200s ]
INFO: [ app_end ] --END-- [ RunTime:0.001279s ]

[ 2014-02-27T17:14:28+08:00 ] 127.0.0.1 /Admin/Message
INFO: [ app_init ] --START--
INFO: Run Behavior\BuildLiteBehavior [ RunTime:0.000012s ]
INFO: [ app_init ] --END-- [ RunTime:0.000288s ]
INFO: [ app_begin ] --START--
INFO: Run Behavior\ReadHtmlCacheBehavior [ RunTime:0.000385s ]
INFO: [ app_begin ] --END-- [ RunTime:0.000423s ]
NOTIC: [2048] Declaration of Admin\Controller\MessageController::show() should be compatible with Think\Controller::show($content, $charset = '', $contentType = '', $prefix = '') F:\wx\Admin\Controller\MessageController.class.php 第 5 行.
NOTIC: [8192] mysql_connect(): The mysql extension is deprecated and will be removed in the future: use mysqli or PDO instead F:\wx\Think\Library\Think\Db\Driver\Mysql.class.php 第 52 行.
SQL: SHOW COLUMNS FROM `message` [ RunTime:0.002065s ]
SQL: SELECT COUNT(*) AS tp_count FROM `message` WHERE ( audit=1 ) LIMIT 1   [ RunTime:0.000249s ]
NOTIC: [8] Use of undefined constant audit - assumed 'audit' F:\wx\Admin\Controller\MessageController.class.php 第 11 行.
SQL: SELECT COUNT(*) AS tp_count FROM `message` WHERE ( `bid` = 1 ) LIMIT 1   [ RunTime:0.000187s ]
SQL: SELECT * FROM `message` WHERE ( `bid` = 1 ) ORDER BY id asc LIMIT 0,20   [ RunTime:0.000277s ]
INFO: [ view_parse ] --START--
INFO: [ template_filter ] --START--
INFO: Run Behavior\ContentReplaceBehavior [ RunTime:0.000052s ]
INFO: [ template_filter ] --END-- [ RunTime:0.000096s ]
INFO: Run Behavior\ParseTemplateBehavior [ RunTime:0.010894s ]
INFO: [ view_parse ] --END-- [ RunTime:0.010943s ]
INFO: [ view_filter ] --START--
INFO: Run Behavior\WriteHtmlCacheBehavior [ RunTime:0.000426s ]
INFO: [ view_filter ] --END-- [ RunTime:0.000459s ]
INFO: [ app_end ] --START--
INFO: Run Behavior\ShowPageTraceBehavior [ RunTime:0.000622s ]
INFO: [ app_end ] --END-- [ RunTime:0.000679s ]

