[ 2014-03-04T16:26:51+08:00 ] 127.0.0.1 /
INFO: [ app_init ] --START--
INFO: Run Behavior\BuildLiteBehavior [ RunTime:0.000015s ]
INFO: [ app_init ] --END-- [ RunTime:0.006269s ]
INFO: [ app_begin ] --START--
INFO: Run Behavior\ReadHtmlCacheBehavior [ RunTime:0.000625s ]
INFO: [ app_begin ] --END-- [ RunTime:0.000669s ]
NOTIC: [8192] mysql_connect(): The mysql extension is deprecated and will be removed in the future: use mysqli or PDO instead F:\wx\Think\Library\Think\Db\Driver\Mysql.class.php 第 52 行.
SQL: SHOW COLUMNS FROM `site` [ RunTime:0.022027s ]
NOTIC: [2] Missing argument 1 for Think\Model::where(), called in F:\wx\Home\Controller\ControllerBack.class.php on line 9 and defined F:\wx\Think\Library\Think\Model.class.php 第 1576 行.
NOTIC: [8] Undefined variable: where F:\wx\Think\Library\Think\Model.class.php 第 1584 行.
NOTIC: [8] Undefined variable: where F:\wx\Think\Library\Think\Model.class.php 第 1587 行.
NOTIC: [8] Undefined variable: where F:\wx\Think\Library\Think\Model.class.php 第 1595 行.
SQL: SELECT * FROM `site` LIMIT 1   [ RunTime:0.008952s ]
SQL: SHOW COLUMNS FROM `message` [ RunTime:0.024747s ]
INFO: [ view_parse ] --START--
INFO: [ template_filter ] --START--
INFO: Run Behavior\ContentReplaceBehavior [ RunTime:0.000043s ]
INFO: [ template_filter ] --END-- [ RunTime:0.000091s ]
INFO: Run Behavior\ParseTemplateBehavior [ RunTime:0.030988s ]
INFO: [ view_parse ] --END-- [ RunTime:0.031038s ]
INFO: [ view_filter ] --START--
INFO: Run Behavior\WriteHtmlCacheBehavior [ RunTime:0.000337s ]
INFO: Run Behavior\TokenBuildBehavior [ RunTime:0.000657s ]
INFO: [ view_filter ] --END-- [ RunTime:0.001048s ]
INFO: [ app_end ] --START--
INFO: Run Behavior\ShowPageTraceBehavior [ RunTime:0.000668s ]
INFO: [ app_end ] --END-- [ RunTime:0.000733s ]

